This is pdfTeXk, Version 3.141592-1.40.3 (Web2C 7.5.6) (format=latex 2007.9.24)  1 OCT 2007 10:08
entering extended mode
 %&-line parsing enabled.
**amap_sdd
(/usr/share/texmf-texlive/tex/latex/tools/x.tex
! Interruption.
<to be read again> 
                   \begingroup 
l.1 
    %%
? x
 
Here is how much of TeX's memory you used:
 7 strings out of 94102
 244 string characters out of 1165833
 47703 words of memory out of 1500000
 3383 multiletter control sequences out of 10000+50000
 3640 words of font info for 14 fonts, out of 1200000 for 2000
 637 hyphenation exceptions out of 8191
 3i,0n,1p,15b,6s stack positions out of 5000i,500n,6000p,200000b,5000s
No pages of output.
